[2020-03-17 12:36:36,977 INFO] loading vocabulary file https://s3.amazonaws.com/models.huggingface.co/bert/bert-base-multilingual-uncased-vocab.txt from cache at /Users/sebastianveile/.cache/torch/pytorch_transformers/bb773818882b0524dc53a1b31a2cc95bc489f000e7e19773ba07846011a6c711.535306b226c42cebebbc0dabc83b92ab11260e9919e21e2ab0beb301f267b4c7
[2020-03-17 12:36:37,142 INFO] Processing ../test/test.train.14.json
[2020-03-17 12:37:25,813 INFO] loading vocabulary file https://s3.amazonaws.com/models.huggingface.co/bert/bert-base-uncased-vocab.txt from cache at /Users/sebastianveile/.cache/torch/pytorch_transformers/26bc1ad6c0ac742e9b52263248f6d0f00068293b33709fae12320c0e35ccfbbb.542ce4285a40d23a559526243235df47c5f75c197f04f37d1a0c124c32c9a084
[2020-03-17 12:37:25,861 INFO] Processing ../test/test.train.14.json
[2020-03-17 12:40:38,253 INFO] loading vocabulary file https://s3.amazonaws.com/models.huggingface.co/bert/bert-base-multilingual-uncased-vocab.txt from cache at /Users/sebastianveile/.cache/torch/pytorch_transformers/bb773818882b0524dc53a1b31a2cc95bc489f000e7e19773ba07846011a6c711.535306b226c42cebebbc0dabc83b92ab11260e9919e21e2ab0beb301f267b4c7
[2020-03-17 12:40:38,422 INFO] Processing ../test/test.train.14.json
[2020-03-17 12:43:52,428 INFO] loading vocabulary file https://s3.amazonaws.com/models.huggingface.co/bert/bert-base-multilingual-uncased-vocab.txt from cache at /Users/sebastianveile/.cache/torch/pytorch_transformers/bb773818882b0524dc53a1b31a2cc95bc489f000e7e19773ba07846011a6c711.535306b226c42cebebbc0dabc83b92ab11260e9919e21e2ab0beb301f267b4c7
[2020-03-17 12:43:52,593 INFO] Processing ../test/test.train.14.json
[2020-03-17 12:44:47,019 INFO] loading vocabulary file https://s3.amazonaws.com/models.huggingface.co/bert/bert-base-multilingual-uncased-vocab.txt from cache at /Users/sebastianveile/.cache/torch/pytorch_transformers/bb773818882b0524dc53a1b31a2cc95bc489f000e7e19773ba07846011a6c711.535306b226c42cebebbc0dabc83b92ab11260e9919e21e2ab0beb301f267b4c7
[2020-03-17 12:44:47,190 INFO] Processing ../test/test.train.14.json
[2020-03-17 12:44:55,204 INFO] Processed instances 1928
[2020-03-17 12:44:55,205 INFO] Saving to ../bert_data/test.train.14.bert.pt
[2020-03-17 12:44:56,689 INFO] loading vocabulary file https://s3.amazonaws.com/models.huggingface.co/bert/bert-base-multilingual-uncased-vocab.txt from cache at /Users/sebastianveile/.cache/torch/pytorch_transformers/bb773818882b0524dc53a1b31a2cc95bc489f000e7e19773ba07846011a6c711.535306b226c42cebebbc0dabc83b92ab11260e9919e21e2ab0beb301f267b4c7
[2020-03-17 12:44:56,845 INFO] Processing ../test/test.train.18.json
[2020-03-17 12:45:07,020 INFO] Processed instances 1927
[2020-03-17 12:45:07,021 INFO] Saving to ../bert_data/test.train.18.bert.pt
[2020-03-17 12:45:08,943 INFO] loading vocabulary file https://s3.amazonaws.com/models.huggingface.co/bert/bert-base-multilingual-uncased-vocab.txt from cache at /Users/sebastianveile/.cache/torch/pytorch_transformers/bb773818882b0524dc53a1b31a2cc95bc489f000e7e19773ba07846011a6c711.535306b226c42cebebbc0dabc83b92ab11260e9919e21e2ab0beb301f267b4c7
[2020-03-17 12:45:09,098 INFO] Processing ../test/test.train.1.json
[2020-03-17 12:45:16,035 INFO] Ignore ../bert_data/test.train.14.bert.pt
[2020-03-17 12:45:16,037 INFO] Ignore ../bert_data/test.train.18.bert.pt
[2020-03-17 12:45:16,557 INFO] loading vocabulary file https://s3.amazonaws.com/models.huggingface.co/bert/bert-base-multilingual-uncased-vocab.txt from cache at /Users/sebastianveile/.cache/torch/pytorch_transformers/bb773818882b0524dc53a1b31a2cc95bc489f000e7e19773ba07846011a6c711.535306b226c42cebebbc0dabc83b92ab11260e9919e21e2ab0beb301f267b4c7
[2020-03-17 12:45:16,725 INFO] Processing ../test/test.train.1.json
[2020-03-17 12:45:21,275 INFO] Processed instances 1909
[2020-03-17 12:45:21,276 INFO] Saving to ../bert_data/test.train.1.bert.pt
[2020-03-17 12:45:22,705 INFO] loading vocabulary file https://s3.amazonaws.com/models.huggingface.co/bert/bert-base-multilingual-uncased-vocab.txt from cache at /Users/sebastianveile/.cache/torch/pytorch_transformers/bb773818882b0524dc53a1b31a2cc95bc489f000e7e19773ba07846011a6c711.535306b226c42cebebbc0dabc83b92ab11260e9919e21e2ab0beb301f267b4c7
[2020-03-17 12:45:22,864 INFO] Processing ../test/test.train.19.json
[2020-03-17 12:45:27,451 INFO] Processed instances 1935
[2020-03-17 12:45:27,452 INFO] Saving to ../bert_data/test.train.19.bert.pt
[2020-03-17 12:45:28,929 INFO] loading vocabulary file https://s3.amazonaws.com/models.huggingface.co/bert/bert-base-multilingual-uncased-vocab.txt from cache at /Users/sebastianveile/.cache/torch/pytorch_transformers/bb773818882b0524dc53a1b31a2cc95bc489f000e7e19773ba07846011a6c711.535306b226c42cebebbc0dabc83b92ab11260e9919e21e2ab0beb301f267b4c7
[2020-03-17 12:45:29,086 INFO] Processing ../test/test.train.0.json
[2020-03-17 12:45:34,587 INFO] Processed instances 1930
[2020-03-17 12:45:34,589 INFO] Saving to ../bert_data/test.train.0.bert.pt
[2020-03-17 12:45:36,943 INFO] loading vocabulary file https://s3.amazonaws.com/models.huggingface.co/bert/bert-base-multilingual-uncased-vocab.txt from cache at /Users/sebastianveile/.cache/torch/pytorch_transformers/bb773818882b0524dc53a1b31a2cc95bc489f000e7e19773ba07846011a6c711.535306b226c42cebebbc0dabc83b92ab11260e9919e21e2ab0beb301f267b4c7
[2020-03-17 12:45:37,399 INFO] Processing ../test/test.train.15.json
[2020-03-17 12:45:46,525 INFO] Processed instances 1930
[2020-03-17 12:45:46,526 INFO] Saving to ../bert_data/test.train.15.bert.pt
[2020-03-17 12:45:48,065 INFO] loading vocabulary file https://s3.amazonaws.com/models.huggingface.co/bert/bert-base-multilingual-uncased-vocab.txt from cache at /Users/sebastianveile/.cache/torch/pytorch_transformers/bb773818882b0524dc53a1b31a2cc95bc489f000e7e19773ba07846011a6c711.535306b226c42cebebbc0dabc83b92ab11260e9919e21e2ab0beb301f267b4c7
[2020-03-17 12:45:48,229 INFO] Processing ../test/test.train.7.json
[2020-03-17 12:45:53,237 INFO] Processed instances 1931
[2020-03-17 12:45:53,238 INFO] Saving to ../bert_data/test.train.7.bert.pt
[2020-03-17 12:45:54,868 INFO] loading vocabulary file https://s3.amazonaws.com/models.huggingface.co/bert/bert-base-multilingual-uncased-vocab.txt from cache at /Users/sebastianveile/.cache/torch/pytorch_transformers/bb773818882b0524dc53a1b31a2cc95bc489f000e7e19773ba07846011a6c711.535306b226c42cebebbc0dabc83b92ab11260e9919e21e2ab0beb301f267b4c7
[2020-03-17 12:45:55,050 INFO] Processing ../test/test.train.12.json
[2020-03-17 12:46:00,321 INFO] Processed instances 1929
[2020-03-17 12:46:00,322 INFO] Saving to ../bert_data/test.train.12.bert.pt
[2020-03-17 12:46:02,004 INFO] loading vocabulary file https://s3.amazonaws.com/models.huggingface.co/bert/bert-base-multilingual-uncased-vocab.txt from cache at /Users/sebastianveile/.cache/torch/pytorch_transformers/bb773818882b0524dc53a1b31a2cc95bc489f000e7e19773ba07846011a6c711.535306b226c42cebebbc0dabc83b92ab11260e9919e21e2ab0beb301f267b4c7
[2020-03-17 12:46:02,169 INFO] Processing ../test/test.train.13.json
[2020-03-17 12:46:07,295 INFO] Processed instances 1929
[2020-03-17 12:46:07,296 INFO] Saving to ../bert_data/test.train.13.bert.pt
[2020-03-17 12:46:08,891 INFO] loading vocabulary file https://s3.amazonaws.com/models.huggingface.co/bert/bert-base-multilingual-uncased-vocab.txt from cache at /Users/sebastianveile/.cache/torch/pytorch_transformers/bb773818882b0524dc53a1b31a2cc95bc489f000e7e19773ba07846011a6c711.535306b226c42cebebbc0dabc83b92ab11260e9919e21e2ab0beb301f267b4c7
[2020-03-17 12:46:09,055 INFO] Processing ../test/test.train.6.json
[2020-03-17 12:46:13,991 INFO] Processed instances 1913
[2020-03-17 12:46:13,992 INFO] Saving to ../bert_data/test.train.6.bert.pt
[2020-03-17 12:46:15,552 INFO] loading vocabulary file https://s3.amazonaws.com/models.huggingface.co/bert/bert-base-multilingual-uncased-vocab.txt from cache at /Users/sebastianveile/.cache/torch/pytorch_transformers/bb773818882b0524dc53a1b31a2cc95bc489f000e7e19773ba07846011a6c711.535306b226c42cebebbc0dabc83b92ab11260e9919e21e2ab0beb301f267b4c7
[2020-03-17 12:46:15,715 INFO] Processing ../test/test.train.5.json
[2020-03-17 12:46:20,643 INFO] Processed instances 1947
[2020-03-17 12:46:20,644 INFO] Saving to ../bert_data/test.train.5.bert.pt
[2020-03-17 12:46:22,146 INFO] loading vocabulary file https://s3.amazonaws.com/models.huggingface.co/bert/bert-base-multilingual-uncased-vocab.txt from cache at /Users/sebastianveile/.cache/torch/pytorch_transformers/bb773818882b0524dc53a1b31a2cc95bc489f000e7e19773ba07846011a6c711.535306b226c42cebebbc0dabc83b92ab11260e9919e21e2ab0beb301f267b4c7
[2020-03-17 12:46:22,308 INFO] Processing ../test/test.train.9.json
[2020-03-17 12:46:27,328 INFO] Processed instances 1934
[2020-03-17 12:46:27,329 INFO] Saving to ../bert_data/test.train.9.bert.pt
[2020-03-17 12:46:28,898 INFO] loading vocabulary file https://s3.amazonaws.com/models.huggingface.co/bert/bert-base-multilingual-uncased-vocab.txt from cache at /Users/sebastianveile/.cache/torch/pytorch_transformers/bb773818882b0524dc53a1b31a2cc95bc489f000e7e19773ba07846011a6c711.535306b226c42cebebbc0dabc83b92ab11260e9919e21e2ab0beb301f267b4c7
[2020-03-17 12:46:29,060 INFO] Processing ../test/test.train.10.json
[2020-03-17 12:46:34,058 INFO] Processed instances 1921
[2020-03-17 12:46:34,059 INFO] Saving to ../bert_data/test.train.10.bert.pt
[2020-03-17 12:46:35,655 INFO] loading vocabulary file https://s3.amazonaws.com/models.huggingface.co/bert/bert-base-multilingual-uncased-vocab.txt from cache at /Users/sebastianveile/.cache/torch/pytorch_transformers/bb773818882b0524dc53a1b31a2cc95bc489f000e7e19773ba07846011a6c711.535306b226c42cebebbc0dabc83b92ab11260e9919e21e2ab0beb301f267b4c7
[2020-03-17 12:46:35,823 INFO] Processing ../test/test.train.8.json
[2020-03-17 12:46:40,706 INFO] Processed instances 1927
[2020-03-17 12:46:40,707 INFO] Saving to ../bert_data/test.train.8.bert.pt
[2020-03-17 12:46:42,192 INFO] loading vocabulary file https://s3.amazonaws.com/models.huggingface.co/bert/bert-base-multilingual-uncased-vocab.txt from cache at /Users/sebastianveile/.cache/torch/pytorch_transformers/bb773818882b0524dc53a1b31a2cc95bc489f000e7e19773ba07846011a6c711.535306b226c42cebebbc0dabc83b92ab11260e9919e21e2ab0beb301f267b4c7
[2020-03-17 12:46:42,359 INFO] Processing ../test/test.train.11.json
[2020-03-17 12:46:47,253 INFO] Processed instances 1933
[2020-03-17 12:46:47,254 INFO] Saving to ../bert_data/test.train.11.bert.pt
[2020-03-17 12:46:48,782 INFO] loading vocabulary file https://s3.amazonaws.com/models.huggingface.co/bert/bert-base-multilingual-uncased-vocab.txt from cache at /Users/sebastianveile/.cache/torch/pytorch_transformers/bb773818882b0524dc53a1b31a2cc95bc489f000e7e19773ba07846011a6c711.535306b226c42cebebbc0dabc83b92ab11260e9919e21e2ab0beb301f267b4c7
[2020-03-17 12:46:48,951 INFO] Processing ../test/test.train.4.json
[2020-03-17 12:46:53,943 INFO] Processed instances 1950
[2020-03-17 12:46:53,944 INFO] Saving to ../bert_data/test.train.4.bert.pt
[2020-03-17 12:46:55,471 INFO] loading vocabulary file https://s3.amazonaws.com/models.huggingface.co/bert/bert-base-multilingual-uncased-vocab.txt from cache at /Users/sebastianveile/.cache/torch/pytorch_transformers/bb773818882b0524dc53a1b31a2cc95bc489f000e7e19773ba07846011a6c711.535306b226c42cebebbc0dabc83b92ab11260e9919e21e2ab0beb301f267b4c7
[2020-03-17 12:46:55,635 INFO] Processing ../test/test.train.16.json
[2020-03-17 12:47:02,434 INFO] Processed instances 1935
[2020-03-17 12:47:02,435 INFO] Saving to ../bert_data/test.train.16.bert.pt
[2020-03-17 12:47:04,429 INFO] loading vocabulary file https://s3.amazonaws.com/models.huggingface.co/bert/bert-base-multilingual-uncased-vocab.txt from cache at /Users/sebastianveile/.cache/torch/pytorch_transformers/bb773818882b0524dc53a1b31a2cc95bc489f000e7e19773ba07846011a6c711.535306b226c42cebebbc0dabc83b92ab11260e9919e21e2ab0beb301f267b4c7
[2020-03-17 12:47:04,592 INFO] Processing ../test/test.train.20.json
[2020-03-17 12:47:11,547 INFO] Processed instances 1936
[2020-03-17 12:47:11,550 INFO] Saving to ../bert_data/test.train.20.bert.pt
[2020-03-17 12:47:12,987 INFO] loading vocabulary file https://s3.amazonaws.com/models.huggingface.co/bert/bert-base-multilingual-uncased-vocab.txt from cache at /Users/sebastianveile/.cache/torch/pytorch_transformers/bb773818882b0524dc53a1b31a2cc95bc489f000e7e19773ba07846011a6c711.535306b226c42cebebbc0dabc83b92ab11260e9919e21e2ab0beb301f267b4c7
[2020-03-17 12:47:13,153 INFO] Processing ../test/test.train.3.json
[2020-03-17 12:47:17,760 INFO] Processed instances 1921
[2020-03-17 12:47:17,761 INFO] Saving to ../bert_data/test.train.3.bert.pt
[2020-03-17 12:47:19,322 INFO] loading vocabulary file https://s3.amazonaws.com/models.huggingface.co/bert/bert-base-multilingual-uncased-vocab.txt from cache at /Users/sebastianveile/.cache/torch/pytorch_transformers/bb773818882b0524dc53a1b31a2cc95bc489f000e7e19773ba07846011a6c711.535306b226c42cebebbc0dabc83b92ab11260e9919e21e2ab0beb301f267b4c7
[2020-03-17 12:47:19,477 INFO] Processing ../test/test.train.2.json
[2020-03-17 12:47:24,041 INFO] Processed instances 1922
[2020-03-17 12:47:24,042 INFO] Saving to ../bert_data/test.train.2.bert.pt
[2020-03-17 12:47:25,543 INFO] loading vocabulary file https://s3.amazonaws.com/models.huggingface.co/bert/bert-base-multilingual-uncased-vocab.txt from cache at /Users/sebastianveile/.cache/torch/pytorch_transformers/bb773818882b0524dc53a1b31a2cc95bc489f000e7e19773ba07846011a6c711.535306b226c42cebebbc0dabc83b92ab11260e9919e21e2ab0beb301f267b4c7
[2020-03-17 12:47:25,696 INFO] Processing ../test/test.train.21.json
[2020-03-17 12:47:30,250 INFO] Processed instances 1920
[2020-03-17 12:47:30,251 INFO] Saving to ../bert_data/test.train.21.bert.pt
[2020-03-17 12:47:31,731 INFO] loading vocabulary file https://s3.amazonaws.com/models.huggingface.co/bert/bert-base-multilingual-uncased-vocab.txt from cache at /Users/sebastianveile/.cache/torch/pytorch_transformers/bb773818882b0524dc53a1b31a2cc95bc489f000e7e19773ba07846011a6c711.535306b226c42cebebbc0dabc83b92ab11260e9919e21e2ab0beb301f267b4c7
[2020-03-17 12:47:31,887 INFO] Processing ../test/test.train.17.json
[2020-03-17 12:47:36,412 INFO] Processed instances 1925
[2020-03-17 12:47:36,413 INFO] Saving to ../bert_data/test.train.17.bert.pt
[2020-03-17 12:47:37,968 INFO] loading vocabulary file https://s3.amazonaws.com/models.huggingface.co/bert/bert-base-multilingual-uncased-vocab.txt from cache at /Users/sebastianveile/.cache/torch/pytorch_transformers/bb773818882b0524dc53a1b31a2cc95bc489f000e7e19773ba07846011a6c711.535306b226c42cebebbc0dabc83b92ab11260e9919e21e2ab0beb301f267b4c7
[2020-03-17 12:47:38,134 INFO] Processing ../test/test.valid.1.json
[2020-03-17 12:47:42,678 INFO] Processed instances 1929
[2020-03-17 12:47:42,679 INFO] Saving to ../bert_data/test.valid.1.bert.pt
[2020-03-17 12:47:44,161 INFO] loading vocabulary file https://s3.amazonaws.com/models.huggingface.co/bert/bert-base-multilingual-uncased-vocab.txt from cache at /Users/sebastianveile/.cache/torch/pytorch_transformers/bb773818882b0524dc53a1b31a2cc95bc489f000e7e19773ba07846011a6c711.535306b226c42cebebbc0dabc83b92ab11260e9919e21e2ab0beb301f267b4c7
[2020-03-17 12:47:44,315 INFO] Processing ../test/test.valid.0.json
[2020-03-17 12:47:48,974 INFO] Processed instances 1942
[2020-03-17 12:47:48,975 INFO] Saving to ../bert_data/test.valid.0.bert.pt
[2020-03-17 12:47:50,088 INFO] Ignore ../bert_data/test.train.14.bert.pt
[2020-03-17 12:47:50,090 INFO] Ignore ../bert_data/test.train.18.bert.pt
[2020-03-17 12:47:50,091 INFO] Ignore ../bert_data/test.train.1.bert.pt
[2020-03-17 12:47:50,092 INFO] Ignore ../bert_data/test.train.19.bert.pt
[2020-03-17 12:47:50,093 INFO] Ignore ../bert_data/test.train.0.bert.pt
[2020-03-17 12:47:50,094 INFO] Ignore ../bert_data/test.train.15.bert.pt
[2020-03-17 12:47:50,095 INFO] Ignore ../bert_data/test.train.7.bert.pt
[2020-03-17 12:47:50,095 INFO] Ignore ../bert_data/test.valid.1.bert.pt
[2020-03-17 12:47:50,096 INFO] Ignore ../bert_data/test.train.12.bert.pt
[2020-03-17 12:47:50,097 INFO] Ignore ../bert_data/test.train.13.bert.pt
[2020-03-17 12:47:50,098 INFO] Ignore ../bert_data/test.valid.0.bert.pt
[2020-03-17 12:47:50,099 INFO] Ignore ../bert_data/test.train.6.bert.pt
[2020-03-17 12:47:50,632 INFO] loading vocabulary file https://s3.amazonaws.com/models.huggingface.co/bert/bert-base-multilingual-uncased-vocab.txt from cache at /Users/sebastianveile/.cache/torch/pytorch_transformers/bb773818882b0524dc53a1b31a2cc95bc489f000e7e19773ba07846011a6c711.535306b226c42cebebbc0dabc83b92ab11260e9919e21e2ab0beb301f267b4c7
[2020-03-17 12:47:50,794 INFO] Processing ../test/test.test.1.json
[2020-03-17 12:47:50,921 INFO] Processed instances 51
[2020-03-17 12:47:50,922 INFO] Saving to ../bert_data/test.test.1.bert.pt
[2020-03-17 12:47:51,027 INFO] Ignore ../bert_data/test.train.5.bert.pt
[2020-03-17 12:47:51,028 INFO] Ignore ../bert_data/test.train.9.bert.pt
[2020-03-17 12:47:51,029 INFO] Ignore ../bert_data/test.train.10.bert.pt
[2020-03-17 12:47:51,030 INFO] Ignore ../bert_data/test.train.8.bert.pt
[2020-03-17 12:47:51,031 INFO] Ignore ../bert_data/test.train.11.bert.pt
[2020-03-17 12:47:51,032 INFO] Ignore ../bert_data/test.train.4.bert.pt
[2020-03-17 12:47:51,482 INFO] loading vocabulary file https://s3.amazonaws.com/models.huggingface.co/bert/bert-base-multilingual-uncased-vocab.txt from cache at /Users/sebastianveile/.cache/torch/pytorch_transformers/bb773818882b0524dc53a1b31a2cc95bc489f000e7e19773ba07846011a6c711.535306b226c42cebebbc0dabc83b92ab11260e9919e21e2ab0beb301f267b4c7
[2020-03-17 12:47:51,635 INFO] Processing ../test/test.test.0.json
[2020-03-17 12:47:56,199 INFO] Processed instances 2001
[2020-03-17 12:47:56,200 INFO] Saving to ../bert_data/test.test.0.bert.pt
[2020-03-17 12:47:57,198 INFO] Ignore ../bert_data/test.train.16.bert.pt
[2020-03-17 12:47:57,199 INFO] Ignore ../bert_data/test.train.20.bert.pt
[2020-03-17 12:47:57,200 INFO] Ignore ../bert_data/test.train.3.bert.pt
[2020-03-17 12:47:57,201 INFO] Ignore ../bert_data/test.train.2.bert.pt
[2020-03-17 12:47:57,202 INFO] Ignore ../bert_data/test.train.21.bert.pt
[2020-03-17 12:47:57,203 INFO] Ignore ../bert_data/test.train.17.bert.pt
[2020-03-17 19:45:59,552 INFO] Ignore ../bert_data/test.train.14.bert.pt
[2020-03-17 19:45:59,555 INFO] Ignore ../bert_data/test.train.18.bert.pt
[2020-03-17 19:45:59,556 INFO] Ignore ../bert_data/test.train.1.bert.pt
[2020-03-17 19:45:59,557 INFO] Ignore ../bert_data/test.train.19.bert.pt
[2020-03-17 19:45:59,557 INFO] Ignore ../bert_data/test.train.0.bert.pt
[2020-03-17 19:45:59,558 INFO] Ignore ../bert_data/test.train.15.bert.pt
[2020-03-17 19:45:59,560 INFO] Ignore ../bert_data/test.train.7.bert.pt
[2020-03-17 19:45:59,561 INFO] Ignore ../bert_data/test.train.12.bert.pt
[2020-03-17 19:45:59,562 INFO] Ignore ../bert_data/test.train.13.bert.pt
[2020-03-17 19:45:59,563 INFO] Ignore ../bert_data/test.train.6.bert.pt
[2020-03-17 19:45:59,564 INFO] Ignore ../bert_data/test.train.5.bert.pt
[2020-03-17 19:45:59,565 INFO] Ignore ../bert_data/test.train.9.bert.pt
[2020-03-17 19:45:59,565 INFO] Ignore ../bert_data/test.train.10.bert.pt
[2020-03-17 19:45:59,566 INFO] Ignore ../bert_data/test.train.8.bert.pt
[2020-03-17 19:45:59,567 INFO] Ignore ../bert_data/test.train.11.bert.pt
[2020-03-17 19:45:59,568 INFO] Ignore ../bert_data/test.train.4.bert.pt
[2020-03-17 19:45:59,569 INFO] Ignore ../bert_data/test.train.16.bert.pt
[2020-03-17 19:45:59,570 INFO] Ignore ../bert_data/test.train.20.bert.pt
[2020-03-17 19:45:59,571 INFO] Ignore ../bert_data/test.train.3.bert.pt
[2020-03-17 19:45:59,572 INFO] Ignore ../bert_data/test.train.2.bert.pt
[2020-03-17 19:45:59,573 INFO] Ignore ../bert_data/test.train.21.bert.pt
[2020-03-17 19:45:59,574 INFO] Ignore ../bert_data/test.train.17.bert.pt
[2020-03-17 19:45:59,664 INFO] Ignore ../bert_data/test.valid.1.bert.pt
[2020-03-17 19:45:59,666 INFO] Ignore ../bert_data/test.valid.0.bert.pt
[2020-03-17 19:45:59,777 INFO] Ignore ../bert_data/test.train.14.bert.pt
[2020-03-17 19:45:59,779 INFO] Ignore ../bert_data/test.train.18.bert.pt
[2020-03-17 19:45:59,780 INFO] Ignore ../bert_data/test.train.1.bert.pt
[2020-03-17 19:45:59,781 INFO] Ignore ../bert_data/test.train.19.bert.pt
[2020-03-17 19:45:59,781 INFO] Ignore ../bert_data/test.train.0.bert.pt
[2020-03-17 19:45:59,782 INFO] Ignore ../bert_data/test.train.15.bert.pt
[2020-03-17 19:45:59,783 INFO] Ignore ../bert_data/test.train.7.bert.pt
[2020-03-17 19:45:59,784 INFO] Ignore ../bert_data/test.valid.1.bert.pt
[2020-03-17 19:45:59,785 INFO] Ignore ../bert_data/test.train.12.bert.pt
[2020-03-17 19:45:59,785 INFO] Ignore ../bert_data/test.train.13.bert.pt
[2020-03-17 19:45:59,786 INFO] Ignore ../bert_data/test.valid.0.bert.pt
[2020-03-17 19:45:59,787 INFO] Ignore ../bert_data/test.train.6.bert.pt
[2020-03-17 19:45:59,788 INFO] Ignore ../bert_data/test.test.1.bert.pt
[2020-03-17 19:45:59,789 INFO] Ignore ../bert_data/test.train.5.bert.pt
[2020-03-17 19:45:59,790 INFO] Ignore ../bert_data/test.train.9.bert.pt
[2020-03-17 19:45:59,790 INFO] Ignore ../bert_data/test.train.10.bert.pt
[2020-03-17 19:45:59,791 INFO] Ignore ../bert_data/test.train.8.bert.pt
[2020-03-17 19:45:59,792 INFO] Ignore ../bert_data/test.train.11.bert.pt
[2020-03-17 19:45:59,793 INFO] Ignore ../bert_data/test.train.4.bert.pt
[2020-03-17 19:45:59,794 INFO] Ignore ../bert_data/test.test.0.bert.pt
[2020-03-17 19:45:59,795 INFO] Ignore ../bert_data/test.train.16.bert.pt
[2020-03-17 19:45:59,795 INFO] Ignore ../bert_data/test.train.20.bert.pt
[2020-03-17 19:45:59,797 INFO] Ignore ../bert_data/test.train.3.bert.pt
[2020-03-17 19:45:59,797 INFO] Ignore ../bert_data/test.train.2.bert.pt
[2020-03-17 19:45:59,798 INFO] Ignore ../bert_data/test.train.21.bert.pt
[2020-03-17 19:45:59,799 INFO] Ignore ../bert_data/test.train.17.bert.pt
[2020-03-17 19:46:55,462 INFO] loading vocabulary file https://s3.amazonaws.com/models.huggingface.co/bert/bert-base-multilingual-uncased-vocab.txt from cache at /Users/sebastianveile/.cache/torch/pytorch_transformers/bb773818882b0524dc53a1b31a2cc95bc489f000e7e19773ba07846011a6c711.535306b226c42cebebbc0dabc83b92ab11260e9919e21e2ab0beb301f267b4c7
[2020-03-17 19:46:55,631 INFO] Processing ../test/test.train.14.json
[2020-03-18 10:36:24,902 INFO] loading vocabulary file https://s3.amazonaws.com/models.huggingface.co/bert/bert-base-multilingual-uncased-vocab.txt from cache at /Users/sebastianveile/.cache/torch/pytorch_transformers/bb773818882b0524dc53a1b31a2cc95bc489f000e7e19773ba07846011a6c711.535306b226c42cebebbc0dabc83b92ab11260e9919e21e2ab0beb301f267b4c7
[2020-03-18 10:36:25,068 INFO] Processing ../test/test.train.14.json
[2020-03-18 10:36:29,570 INFO] Processed instances 1928
[2020-03-18 10:36:29,571 INFO] Saving to ../bert_data/test.train.14.bert.pt
[2020-03-18 10:36:31,061 INFO] loading vocabulary file https://s3.amazonaws.com/models.huggingface.co/bert/bert-base-multilingual-uncased-vocab.txt from cache at /Users/sebastianveile/.cache/torch/pytorch_transformers/bb773818882b0524dc53a1b31a2cc95bc489f000e7e19773ba07846011a6c711.535306b226c42cebebbc0dabc83b92ab11260e9919e21e2ab0beb301f267b4c7
[2020-03-18 10:36:31,216 INFO] Processing ../test/test.train.18.json
[2020-03-18 10:36:35,722 INFO] Processed instances 1927
[2020-03-18 10:36:35,723 INFO] Saving to ../bert_data/test.train.18.bert.pt
[2020-03-18 10:36:37,231 INFO] loading vocabulary file https://s3.amazonaws.com/models.huggingface.co/bert/bert-base-multilingual-uncased-vocab.txt from cache at /Users/sebastianveile/.cache/torch/pytorch_transformers/bb773818882b0524dc53a1b31a2cc95bc489f000e7e19773ba07846011a6c711.535306b226c42cebebbc0dabc83b92ab11260e9919e21e2ab0beb301f267b4c7
[2020-03-18 10:36:37,385 INFO] Processing ../test/test.train.1.json
[2020-03-18 10:36:41,745 INFO] Processed instances 1909
[2020-03-18 10:36:41,746 INFO] Saving to ../bert_data/test.train.1.bert.pt
[2020-03-18 10:36:43,429 INFO] loading vocabulary file https://s3.amazonaws.com/models.huggingface.co/bert/bert-base-multilingual-uncased-vocab.txt from cache at /Users/sebastianveile/.cache/torch/pytorch_transformers/bb773818882b0524dc53a1b31a2cc95bc489f000e7e19773ba07846011a6c711.535306b226c42cebebbc0dabc83b92ab11260e9919e21e2ab0beb301f267b4c7
[2020-03-18 10:36:43,581 INFO] Processing ../test/test.train.19.json
[2020-03-18 10:36:48,018 INFO] Processed instances 1935
[2020-03-18 10:36:48,018 INFO] Saving to ../bert_data/test.train.19.bert.pt
[2020-03-18 10:36:49,503 INFO] loading vocabulary file https://s3.amazonaws.com/models.huggingface.co/bert/bert-base-multilingual-uncased-vocab.txt from cache at /Users/sebastianveile/.cache/torch/pytorch_transformers/bb773818882b0524dc53a1b31a2cc95bc489f000e7e19773ba07846011a6c711.535306b226c42cebebbc0dabc83b92ab11260e9919e21e2ab0beb301f267b4c7
[2020-03-18 10:36:49,656 INFO] Processing ../test/test.train.0.json
[2020-03-18 10:36:54,114 INFO] Processed instances 1930
[2020-03-18 10:36:54,115 INFO] Saving to ../bert_data/test.train.0.bert.pt
[2020-03-18 10:36:55,607 INFO] loading vocabulary file https://s3.amazonaws.com/models.huggingface.co/bert/bert-base-multilingual-uncased-vocab.txt from cache at /Users/sebastianveile/.cache/torch/pytorch_transformers/bb773818882b0524dc53a1b31a2cc95bc489f000e7e19773ba07846011a6c711.535306b226c42cebebbc0dabc83b92ab11260e9919e21e2ab0beb301f267b4c7
[2020-03-18 10:36:55,760 INFO] Processing ../test/test.train.15.json
[2020-03-18 10:37:00,220 INFO] Processed instances 1930
[2020-03-18 10:37:00,221 INFO] Saving to ../bert_data/test.train.15.bert.pt
[2020-03-18 10:37:01,725 INFO] loading vocabulary file https://s3.amazonaws.com/models.huggingface.co/bert/bert-base-multilingual-uncased-vocab.txt from cache at /Users/sebastianveile/.cache/torch/pytorch_transformers/bb773818882b0524dc53a1b31a2cc95bc489f000e7e19773ba07846011a6c711.535306b226c42cebebbc0dabc83b92ab11260e9919e21e2ab0beb301f267b4c7
[2020-03-18 10:37:01,883 INFO] Processing ../test/test.train.7.json
[2020-03-18 10:37:06,365 INFO] Processed instances 1931
[2020-03-18 10:37:06,365 INFO] Saving to ../bert_data/test.train.7.bert.pt
[2020-03-18 10:37:07,861 INFO] loading vocabulary file https://s3.amazonaws.com/models.huggingface.co/bert/bert-base-multilingual-uncased-vocab.txt from cache at /Users/sebastianveile/.cache/torch/pytorch_transformers/bb773818882b0524dc53a1b31a2cc95bc489f000e7e19773ba07846011a6c711.535306b226c42cebebbc0dabc83b92ab11260e9919e21e2ab0beb301f267b4c7
[2020-03-18 10:37:08,014 INFO] Processing ../test/test.train.12.json
[2020-03-18 10:37:12,332 INFO] Processed instances 1929
[2020-03-18 10:37:12,333 INFO] Saving to ../bert_data/test.train.12.bert.pt
[2020-03-18 10:37:17,146 INFO] loading vocabulary file https://s3.amazonaws.com/models.huggingface.co/bert/bert-base-multilingual-uncased-vocab.txt from cache at /Users/sebastianveile/.cache/torch/pytorch_transformers/bb773818882b0524dc53a1b31a2cc95bc489f000e7e19773ba07846011a6c711.535306b226c42cebebbc0dabc83b92ab11260e9919e21e2ab0beb301f267b4c7
[2020-03-18 10:37:17,299 INFO] Processing ../test/test.train.13.json
[2020-03-18 10:37:21,816 INFO] Processed instances 1929
[2020-03-18 10:37:21,817 INFO] Saving to ../bert_data/test.train.13.bert.pt
[2020-03-18 10:37:23,300 INFO] loading vocabulary file https://s3.amazonaws.com/models.huggingface.co/bert/bert-base-multilingual-uncased-vocab.txt from cache at /Users/sebastianveile/.cache/torch/pytorch_transformers/bb773818882b0524dc53a1b31a2cc95bc489f000e7e19773ba07846011a6c711.535306b226c42cebebbc0dabc83b92ab11260e9919e21e2ab0beb301f267b4c7
[2020-03-18 10:37:23,452 INFO] Processing ../test/test.train.6.json
[2020-03-18 10:37:27,867 INFO] Processed instances 1913
[2020-03-18 10:37:27,868 INFO] Saving to ../bert_data/test.train.6.bert.pt
[2020-03-18 10:37:29,350 INFO] loading vocabulary file https://s3.amazonaws.com/models.huggingface.co/bert/bert-base-multilingual-uncased-vocab.txt from cache at /Users/sebastianveile/.cache/torch/pytorch_transformers/bb773818882b0524dc53a1b31a2cc95bc489f000e7e19773ba07846011a6c711.535306b226c42cebebbc0dabc83b92ab11260e9919e21e2ab0beb301f267b4c7
[2020-03-18 10:37:29,504 INFO] Processing ../test/test.train.5.json
[2020-03-18 10:37:33,915 INFO] Processed instances 1947
[2020-03-18 10:37:33,916 INFO] Saving to ../bert_data/test.train.5.bert.pt
[2020-03-18 10:37:35,386 INFO] loading vocabulary file https://s3.amazonaws.com/models.huggingface.co/bert/bert-base-multilingual-uncased-vocab.txt from cache at /Users/sebastianveile/.cache/torch/pytorch_transformers/bb773818882b0524dc53a1b31a2cc95bc489f000e7e19773ba07846011a6c711.535306b226c42cebebbc0dabc83b92ab11260e9919e21e2ab0beb301f267b4c7
[2020-03-18 10:37:35,542 INFO] Processing ../test/test.train.9.json
[2020-03-18 10:37:40,043 INFO] Processed instances 1934
[2020-03-18 10:37:40,043 INFO] Saving to ../bert_data/test.train.9.bert.pt
[2020-03-18 10:37:41,712 INFO] loading vocabulary file https://s3.amazonaws.com/models.huggingface.co/bert/bert-base-multilingual-uncased-vocab.txt from cache at /Users/sebastianveile/.cache/torch/pytorch_transformers/bb773818882b0524dc53a1b31a2cc95bc489f000e7e19773ba07846011a6c711.535306b226c42cebebbc0dabc83b92ab11260e9919e21e2ab0beb301f267b4c7
[2020-03-18 10:37:41,865 INFO] Processing ../test/test.train.10.json
[2020-03-18 10:37:46,393 INFO] Processed instances 1921
[2020-03-18 10:37:46,394 INFO] Saving to ../bert_data/test.train.10.bert.pt
[2020-03-18 10:37:48,050 INFO] loading vocabulary file https://s3.amazonaws.com/models.huggingface.co/bert/bert-base-multilingual-uncased-vocab.txt from cache at /Users/sebastianveile/.cache/torch/pytorch_transformers/bb773818882b0524dc53a1b31a2cc95bc489f000e7e19773ba07846011a6c711.535306b226c42cebebbc0dabc83b92ab11260e9919e21e2ab0beb301f267b4c7
[2020-03-18 10:37:48,277 INFO] Processing ../test/test.train.8.json
[2020-03-18 10:37:53,480 INFO] Processed instances 1927
[2020-03-18 10:37:53,481 INFO] Saving to ../bert_data/test.train.8.bert.pt
[2020-03-18 10:37:55,040 INFO] loading vocabulary file https://s3.amazonaws.com/models.huggingface.co/bert/bert-base-multilingual-uncased-vocab.txt from cache at /Users/sebastianveile/.cache/torch/pytorch_transformers/bb773818882b0524dc53a1b31a2cc95bc489f000e7e19773ba07846011a6c711.535306b226c42cebebbc0dabc83b92ab11260e9919e21e2ab0beb301f267b4c7
[2020-03-18 10:37:55,209 INFO] Processing ../test/test.train.11.json
[2020-03-18 10:37:59,736 INFO] Processed instances 1933
[2020-03-18 10:37:59,737 INFO] Saving to ../bert_data/test.train.11.bert.pt
[2020-03-18 10:38:01,488 INFO] loading vocabulary file https://s3.amazonaws.com/models.huggingface.co/bert/bert-base-multilingual-uncased-vocab.txt from cache at /Users/sebastianveile/.cache/torch/pytorch_transformers/bb773818882b0524dc53a1b31a2cc95bc489f000e7e19773ba07846011a6c711.535306b226c42cebebbc0dabc83b92ab11260e9919e21e2ab0beb301f267b4c7
[2020-03-18 10:38:01,708 INFO] Processing ../test/test.train.4.json
[2020-03-18 10:38:06,390 INFO] Processed instances 1950
[2020-03-18 10:38:06,391 INFO] Saving to ../bert_data/test.train.4.bert.pt
[2020-03-18 10:38:08,321 INFO] loading vocabulary file https://s3.amazonaws.com/models.huggingface.co/bert/bert-base-multilingual-uncased-vocab.txt from cache at /Users/sebastianveile/.cache/torch/pytorch_transformers/bb773818882b0524dc53a1b31a2cc95bc489f000e7e19773ba07846011a6c711.535306b226c42cebebbc0dabc83b92ab11260e9919e21e2ab0beb301f267b4c7
[2020-03-18 10:38:08,524 INFO] Processing ../test/test.train.16.json
[2020-03-18 10:38:14,702 INFO] Processed instances 1935
[2020-03-18 10:38:14,703 INFO] Saving to ../bert_data/test.train.16.bert.pt
[2020-03-18 10:38:16,708 INFO] loading vocabulary file https://s3.amazonaws.com/models.huggingface.co/bert/bert-base-multilingual-uncased-vocab.txt from cache at /Users/sebastianveile/.cache/torch/pytorch_transformers/bb773818882b0524dc53a1b31a2cc95bc489f000e7e19773ba07846011a6c711.535306b226c42cebebbc0dabc83b92ab11260e9919e21e2ab0beb301f267b4c7
[2020-03-18 10:38:16,879 INFO] Processing ../test/test.train.20.json
[2020-03-18 10:38:22,687 INFO] Processed instances 1936
[2020-03-18 10:38:22,688 INFO] Saving to ../bert_data/test.train.20.bert.pt
[2020-03-18 10:38:24,415 INFO] loading vocabulary file https://s3.amazonaws.com/models.huggingface.co/bert/bert-base-multilingual-uncased-vocab.txt from cache at /Users/sebastianveile/.cache/torch/pytorch_transformers/bb773818882b0524dc53a1b31a2cc95bc489f000e7e19773ba07846011a6c711.535306b226c42cebebbc0dabc83b92ab11260e9919e21e2ab0beb301f267b4c7
[2020-03-18 10:38:24,593 INFO] Processing ../test/test.train.3.json
[2020-03-18 10:38:29,679 INFO] Processed instances 1921
[2020-03-18 10:38:29,681 INFO] Saving to ../bert_data/test.train.3.bert.pt
[2020-03-18 10:38:31,854 INFO] loading vocabulary file https://s3.amazonaws.com/models.huggingface.co/bert/bert-base-multilingual-uncased-vocab.txt from cache at /Users/sebastianveile/.cache/torch/pytorch_transformers/bb773818882b0524dc53a1b31a2cc95bc489f000e7e19773ba07846011a6c711.535306b226c42cebebbc0dabc83b92ab11260e9919e21e2ab0beb301f267b4c7
[2020-03-18 10:38:32,025 INFO] Processing ../test/test.train.2.json
[2020-03-18 10:38:37,276 INFO] Processed instances 1922
[2020-03-18 10:38:37,276 INFO] Saving to ../bert_data/test.train.2.bert.pt
[2020-03-18 10:38:38,792 INFO] loading vocabulary file https://s3.amazonaws.com/models.huggingface.co/bert/bert-base-multilingual-uncased-vocab.txt from cache at /Users/sebastianveile/.cache/torch/pytorch_transformers/bb773818882b0524dc53a1b31a2cc95bc489f000e7e19773ba07846011a6c711.535306b226c42cebebbc0dabc83b92ab11260e9919e21e2ab0beb301f267b4c7
[2020-03-18 10:38:38,954 INFO] Processing ../test/test.train.21.json
[2020-03-18 10:38:44,231 INFO] Processed instances 1920
[2020-03-18 10:38:44,232 INFO] Saving to ../bert_data/test.train.21.bert.pt
[2020-03-18 10:38:45,926 INFO] loading vocabulary file https://s3.amazonaws.com/models.huggingface.co/bert/bert-base-multilingual-uncased-vocab.txt from cache at /Users/sebastianveile/.cache/torch/pytorch_transformers/bb773818882b0524dc53a1b31a2cc95bc489f000e7e19773ba07846011a6c711.535306b226c42cebebbc0dabc83b92ab11260e9919e21e2ab0beb301f267b4c7
[2020-03-18 10:38:46,152 INFO] Processing ../test/test.train.17.json
[2020-03-18 10:38:51,214 INFO] Processed instances 1925
[2020-03-18 10:38:51,215 INFO] Saving to ../bert_data/test.train.17.bert.pt
[2020-03-18 10:38:54,217 INFO] loading vocabulary file https://s3.amazonaws.com/models.huggingface.co/bert/bert-base-multilingual-uncased-vocab.txt from cache at /Users/sebastianveile/.cache/torch/pytorch_transformers/bb773818882b0524dc53a1b31a2cc95bc489f000e7e19773ba07846011a6c711.535306b226c42cebebbc0dabc83b92ab11260e9919e21e2ab0beb301f267b4c7
[2020-03-18 10:38:54,466 INFO] Processing ../test/test.valid.1.json
[2020-03-18 10:38:59,378 INFO] Processed instances 1929
[2020-03-18 10:38:59,379 INFO] Saving to ../bert_data/test.valid.1.bert.pt
[2020-03-18 10:39:00,905 INFO] loading vocabulary file https://s3.amazonaws.com/models.huggingface.co/bert/bert-base-multilingual-uncased-vocab.txt from cache at /Users/sebastianveile/.cache/torch/pytorch_transformers/bb773818882b0524dc53a1b31a2cc95bc489f000e7e19773ba07846011a6c711.535306b226c42cebebbc0dabc83b92ab11260e9919e21e2ab0beb301f267b4c7
[2020-03-18 10:39:01,073 INFO] Processing ../test/test.valid.0.json
[2020-03-18 10:39:06,442 INFO] Processed instances 1942
[2020-03-18 10:39:06,443 INFO] Saving to ../bert_data/test.valid.0.bert.pt
[2020-03-18 10:39:07,613 INFO] Ignore ../bert_data/test.train.14.bert.pt
[2020-03-18 10:39:07,615 INFO] Ignore ../bert_data/test.train.18.bert.pt
[2020-03-18 10:39:07,616 INFO] Ignore ../bert_data/test.train.1.bert.pt
[2020-03-18 10:39:07,617 INFO] Ignore ../bert_data/test.train.19.bert.pt
[2020-03-18 10:39:07,617 INFO] Ignore ../bert_data/test.train.0.bert.pt
[2020-03-18 10:39:07,618 INFO] Ignore ../bert_data/test.train.15.bert.pt
[2020-03-18 10:39:07,619 INFO] Ignore ../bert_data/test.train.7.bert.pt
[2020-03-18 10:39:07,620 INFO] Ignore ../bert_data/test.valid.1.bert.pt
[2020-03-18 10:39:07,621 INFO] Ignore ../bert_data/test.train.12.bert.pt
[2020-03-18 10:39:07,622 INFO] Ignore ../bert_data/test.train.13.bert.pt
[2020-03-18 10:39:07,623 INFO] Ignore ../bert_data/test.valid.0.bert.pt
[2020-03-18 10:39:07,624 INFO] Ignore ../bert_data/test.train.6.bert.pt
[2020-03-18 10:39:08,146 INFO] loading vocabulary file https://s3.amazonaws.com/models.huggingface.co/bert/bert-base-multilingual-uncased-vocab.txt from cache at /Users/sebastianveile/.cache/torch/pytorch_transformers/bb773818882b0524dc53a1b31a2cc95bc489f000e7e19773ba07846011a6c711.535306b226c42cebebbc0dabc83b92ab11260e9919e21e2ab0beb301f267b4c7
[2020-03-18 10:39:08,314 INFO] Processing ../test/test.test.1.json
[2020-03-18 10:39:08,440 INFO] Processed instances 51
[2020-03-18 10:39:08,441 INFO] Saving to ../bert_data/test.test.1.bert.pt
[2020-03-18 10:39:08,546 INFO] Ignore ../bert_data/test.train.5.bert.pt
[2020-03-18 10:39:08,547 INFO] Ignore ../bert_data/test.train.9.bert.pt
[2020-03-18 10:39:08,548 INFO] Ignore ../bert_data/test.train.10.bert.pt
[2020-03-18 10:39:08,549 INFO] Ignore ../bert_data/test.train.8.bert.pt
[2020-03-18 10:39:08,550 INFO] Ignore ../bert_data/test.train.11.bert.pt
[2020-03-18 10:39:08,551 INFO] Ignore ../bert_data/test.train.4.bert.pt
[2020-03-18 10:39:09,019 INFO] loading vocabulary file https://s3.amazonaws.com/models.huggingface.co/bert/bert-base-multilingual-uncased-vocab.txt from cache at /Users/sebastianveile/.cache/torch/pytorch_transformers/bb773818882b0524dc53a1b31a2cc95bc489f000e7e19773ba07846011a6c711.535306b226c42cebebbc0dabc83b92ab11260e9919e21e2ab0beb301f267b4c7
[2020-03-18 10:39:09,244 INFO] Processing ../test/test.test.0.json
[2020-03-18 10:39:14,098 INFO] Processed instances 2001
[2020-03-18 10:39:14,099 INFO] Saving to ../bert_data/test.test.0.bert.pt
[2020-03-18 10:39:15,262 INFO] Ignore ../bert_data/test.train.16.bert.pt
[2020-03-18 10:39:15,263 INFO] Ignore ../bert_data/test.train.20.bert.pt
[2020-03-18 10:39:15,264 INFO] Ignore ../bert_data/test.train.3.bert.pt
[2020-03-18 10:39:15,265 INFO] Ignore ../bert_data/test.train.2.bert.pt
[2020-03-18 10:39:15,266 INFO] Ignore ../bert_data/test.train.21.bert.pt
[2020-03-18 10:39:15,267 INFO] Ignore ../bert_data/test.train.17.bert.pt
